Determining if the pthread_create exist failed with the following output:
Change Dir: /home/fatcat/Downloads/finder/cmake-build-debug/CMakeFiles/CMakeTmp

Run Build Command:"/usr/bin/make" "cmTC_b4e9f/fast"
/usr/bin/make -f CMakeFiles/cmTC_b4e9f.dir/build.make CMakeFiles/cmTC_b4e9f.dir/build
make[1]: Entering directory '/home/fatcat/Downloads/finder/cmake-build-debug/CMakeFiles/CMakeTmp'
Building C object CMakeFiles/cmTC_b4e9f.dir/CheckSymbolExists.c.o
/usr/bin/cc    -o CMakeFiles/cmTC_b4e9f.dir/CheckSymbolExists.c.o   -c /home/fatcat/Downloads/finder/cmake-build-debug/CMakeFiles/CMakeTmp/CheckSymbolExists.c
Linking C executable cmTC_b4e9f
/home/fatcat/Downloads/clion-2018.2.4/bin/cmake/linux/bin/cmake -E cmake_link_script CMakeFiles/cmTC_b4e9f.dir/link.txt --verbose=1
/usr/bin/cc      CMakeFiles/cmTC_b4e9f.dir/CheckSymbolExists.c.o  -o cmTC_b4e9f 
CMakeFiles/cmTC_b4e9f.dir/CheckSymbolExists.c.o: In function `main':
CheckSymbolExists.c:(.text+0x16): undefined reference to `pthread_create'
collect2: error: ld returned 1 exit status
CMakeFiles/cmTC_b4e9f.dir/build.make:86: recipe for target 'cmTC_b4e9f' failed
make[1]: *** [cmTC_b4e9f] Error 1
make[1]: Leaving directory '/home/fatcat/Downloads/finder/cmake-build-debug/CMakeFiles/CMakeTmp'
Makefile:121: recipe for target 'cmTC_b4e9f/fast' failed
make: *** [cmTC_b4e9f/fast] Error 2

File /home/fatcat/Downloads/finder/cmake-build-debug/CMakeFiles/CMakeTmp/CheckSymbolExists.c:
/* */
#include <pthread.h>

int main(int argc, char** argv)
{
  (void)argv;
#ifndef pthread_create
  return ((int*)(&pthread_create))[argc];
#else
  (void)argc;
  return 0;
#endif
}

Determining if the function pthread_create exists in the pthreads failed with the following output:
Change Dir: /home/fatcat/Downloads/finder/cmake-build-debug/CMakeFiles/CMakeTmp

Run Build Command:"/usr/bin/make" "cmTC_c4e02/fast"
/usr/bin/make -f CMakeFiles/cmTC_c4e02.dir/build.make CMakeFiles/cmTC_c4e02.dir/build
make[1]: Entering directory '/home/fatcat/Downloads/finder/cmake-build-debug/CMakeFiles/CMakeTmp'
Building C object CMakeFiles/cmTC_c4e02.dir/CheckFunctionExists.c.o
/usr/bin/cc   -DCHECK_FUNCTION_EXISTS=pthread_create   -o CMakeFiles/cmTC_c4e02.dir/CheckFunctionExists.c.o   -c /home/fatcat/Downloads/clion-2018.2.4/bin/cmake/linux/share/cmake-3.12/Modules/CheckFunctionExists.c
Linking C executable cmTC_c4e02
/home/fatcat/Downloads/clion-2018.2.4/bin/cmake/linux/bin/cmake -E cmake_link_script CMakeFiles/cmTC_c4e02.dir/link.txt --verbose=1
/usr/bin/cc  -DCHECK_FUNCTION_EXISTS=pthread_create    CMakeFiles/cmTC_c4e02.dir/CheckFunctionExists.c.o  -o cmTC_c4e02 -lpthreads 
/usr/bin/ld: cannot find -lpthreads
collect2: error: ld returned 1 exit status
CMakeFiles/cmTC_c4e02.dir/build.make:86: recipe for target 'cmTC_c4e02' failed
make[1]: *** [cmTC_c4e02] Error 1
make[1]: Leaving directory '/home/fatcat/Downloads/finder/cmake-build-debug/CMakeFiles/CMakeTmp'
Makefile:121: recipe for target 'cmTC_c4e02/fast' failed
make: *** [cmTC_c4e02/fast] Error 2


